<?xml version="1.0" encoding="UTF-8"?>
<testsuite name="com.airbnb.metrics.ParserTest" tests="7" skipped="0" failures="0" errors="0" timestamp="2017-06-22T05:47:04" hostname="WenyudeMacBook-Pro.local" time="0.003">
  <properties/>
  <testcase name="testParseNoTag" classname="com.airbnb.metrics.ParserTest" time="0.0"/>
  <testcase name="testParseTagInMBeanNameWithoutSuffix" classname="com.airbnb.metrics.ParserTest" time="0.0"/>
  <testcase name="testParseTagInMBeanNameWithoutClientId" classname="com.airbnb.metrics.ParserTest" time="0.0"/>
  <testcase name="testParseTagInMBeanNameWithSuffix" classname="com.airbnb.metrics.ParserTest" time="0.0"/>
  <testcase name="testParseTagInMBeanNameWithSuffixWithoutClientId" classname="com.airbnb.metrics.ParserTest" time="0.0"/>
  <testcase name="testParseTagInMBeanNameNoTag" classname="com.airbnb.metrics.ParserTest" time="0.0"/>
  <testcase name="testParseTagInMBeanNameWithoutSuffixForConsumer" classname="com.airbnb.metrics.ParserTest" time="0.001"/>
  <system-out><![CDATA[]]></system-out>
  <system-err><![CDATA[]]></system-err>
</testsuite>
