<?xml version="1.0" encoding="UTF-8"?>
<testsuite name="com.airbnb.metrics.MetricNameFormatterTest" tests="2" skipped="0" failures="0" errors="0" timestamp="2017-06-22T05:47:04" hostname="WenyudeMacBook-Pro.local" time="0.0">
  <properties/>
  <testcase name="testFormatWithScope" classname="com.airbnb.metrics.MetricNameFormatterTest" time="0.0"/>
  <testcase name="testFormat" classname="com.airbnb.metrics.MetricNameFormatterTest" time="0.0"/>
  <system-out><![CDATA[]]></system-out>
  <system-err><![CDATA[]]></system-err>
</testsuite>
