<?xml version="1.0" encoding="UTF-8"?>
<testsuite name="com.airbnb.metrics.ExcludeMetricPredicateTest" tests="2" skipped="0" failures="0" errors="0" timestamp="2017-06-22T05:47:04" hostname="WenyudeMacBook-Pro.local" time="0.001">
  <properties/>
  <testcase name="exclude" classname="com.airbnb.metrics.ExcludeMetricPredicateTest" time="0.001"/>
  <testcase name="exclude2" classname="com.airbnb.metrics.ExcludeMetricPredicateTest" time="0.0"/>
  <system-out><![CDATA[]]></system-out>
  <system-err><![CDATA[]]></system-err>
</testsuite>
